#
# There is insufficient memory for the Java Runtime Environment to continue.
# Native memory allocation (malloc) failed to allocate 32744 bytes for ChunkPool::allocate
# Possible reasons:
#   The system is out of physical RAM or swap space
#   In 32 bit mode, the process size limit was hit
# Possible solutions:
#   Reduce memory load on the system
#   Increase physical memory or swap space
#   Check if swap backing store is full
#   Use 64 bit Java on a 64 bit OS
#   Decrease Java heap size (-Xmx/-Xms)
#   Decrease number of Java threads
#   Decrease Java thread stack sizes (-Xss)
#   Set larger code cache with -XX:ReservedCodeCacheSize=
# This output file may be truncated or incomplete.
#
#  Out of Memory Error (allocation.cpp:273), pid=33920, tid=0x0000000000005398
#
# JRE version: Java(TM) SE Runtime Environment (8.0_162-b12) (build 1.8.0_162-b12)
# Java VM: Java HotSpot(TM) 64-Bit Server VM (25.162-b12 mixed mode windows-amd64 compressed oops)
# Failed to write core dump. Minidumps are not enabled by default on client versions of Windows
#

---------------  T H R E A D  ---------------

Current thread (0x0000000017c50000):  JavaThread "C2 CompilerThread0" daemon [_thread_in_native, id=21400, stack(0x0000000019290000,0x0000000019390000)]

Stack: [0x0000000019290000,0x0000000019390000]
[error occurred during error reporting (printing stack bounds), id 0xc0000005]

Native frames: (J=compiled Java code, j=interpreted, Vv=VM code, C=native code)


Current CompileTask:
C2:   7275 1207       4       java.net.URLClassLoader$1::run (5 bytes)


---------------  P R O C E S S  ---------------

Java Threads: ( => current thread )
  0x000000001b315800 JavaThread "pool-1-thread-1" [_thread_blocked, id=25624, stack(0x000000001a390000,0x000000001a490000)]
  0x0000000017ca0800 JavaThread "Service Thread" daemon [_thread_blocked, id=27504, stack(0x0000000019590000,0x0000000019690000)]
  0x0000000017c56800 JavaThread "C1 CompilerThread2" daemon [_thread_blocked, id=31164, stack(0x0000000019490000,0x0000000019590000)]
  0x0000000017c53000 JavaThread "C2 CompilerThread1" daemon [_thread_in_native, id=17864, stack(0x0000000019390000,0x0000000019490000)]
=>0x0000000017c50000 JavaThread "C2 CompilerThread0" daemon [_thread_in_native, id=21400, stack(0x0000000019290000,0x0000000019390000)]
  0x0000000017c4e000 JavaThread "Attach Listener" daemon [_thread_blocked, id=20728, stack(0x0000000019190000,0x0000000019290000)]
  0x0000000017c4c800 JavaThread "Signal Dispatcher" daemon [_thread_blocked, id=29768, stack(0x0000000019090000,0x0000000019190000)]
  0x000000000311d800 JavaThread "Finalizer" daemon [_thread_blocked, id=11240, stack(0x0000000018ea0000,0x0000000018fa0000)]
  0x0000000003112000 JavaThread "Reference Handler" daemon [_thread_blocked, id=23692, stack(0x0000000018da0000,0x0000000018ea0000)]
  0x000000000159e800 JavaThread "main" [_thread_in_vm, id=7236, stack(0x0000000002e40000,0x0000000002f40000)]

Other Threads:
  0x0000000017c17000 VMThread [stack: 0x0000000018ca0000,0x0000000018da0000] [id=31748]
  0x0000000017cad000 WatcherThread [stack: 0x0000000019a90000,0x0000000019b90000] [id=26312]

VM state:not at safepoint (normal execution)

VM Mutex/Monitor currently owned by a thread: None

Heap:
 PSYoungGen      total 38400K, used 13327K [0x00000000d5f00000, 0x00000000d8980000, 0x0000000100000000)
  eden space 33280K, 24% used [0x00000000d5f00000,0x00000000d670be70,0x00000000d7f80000)
  from space 5120K, 99% used [0x00000000d7f80000,0x00000000d8478020,0x00000000d8480000)
  to   space 5120K, 0% used [0x00000000d8480000,0x00000000d8480000,0x00000000d8980000)
 ParOldGen       total 87552K, used 4396K [0x0000000081c00000, 0x0000000087180000, 0x00000000d5f00000)
  object space 87552K, 5% used [0x0000000081c00000,0x000000008204b2c8,0x0000000087180000)
 Metaspace       used 18067K, capacity 18306K, committed 18688K, reserved 1064960K
  class space    used 2387K, capacity 2476K, committed 2560K, reserved 1048576K

Card table byte_map: [0x00000000124e0000,0x00000000128e0000] byte_map_base: 0x00000000120d2000

Marking Bits: (ParMarkBitMap*) 0x00000000552d0860
 Begin Bits: [0x0000000012f90000, 0x0000000014f20000)
 End Bits:   [0x0000000014f20000, 0x0000000016eb0000)

Polling page: 0x0000000001450000

CodeCache: size=245760Kb used=5939Kb max_used=5939Kb free=239820Kb
 bounds [0x0000000003120000, 0x0000000003700000, 0x0000000012120000]
 total_blobs=1908 nmethods=1303 adapters=517
 compilation: enabled

Compilation events (10 events):
Event: 7.045 Thread 0x0000000017c56800 1299       3       groovy.lang.MetaClassImpl::establishStaticMetaProperty (268 bytes)
Event: 7.046 Thread 0x0000000017c56800 nmethod 1299 0x00000000035f0210 code [0x00000000035f0480, 0x00000000035f1858]
Event: 7.052 Thread 0x0000000017c56800 1300       3       org.codehaus.groovy.util.SingleKeyHashMap::<init> (5 bytes)
Event: 7.053 Thread 0x0000000017c56800 nmethod 1300 0x00000000035f2050 code [0x00000000035f21c0, 0x00000000035f2550]
Event: 7.053 Thread 0x0000000017c56800 1301       3       org.codehaus.groovy.util.ComplexKeyHashMap::<init> (11 bytes)
Event: 7.053 Thread 0x0000000017c56800 nmethod 1301 0x00000000035f2690 code [0x00000000035f2800, 0x00000000035f2b30]
Event: 7.053 Thread 0x0000000017c56800 1302       3       org.codehaus.groovy.util.ComplexKeyHashMap::init (20 bytes)
Event: 7.053 Thread 0x0000000017c56800 nmethod 1302 0x00000000035f2c50 code [0x00000000035f2da0, 0x00000000035f2fd0]
Event: 7.056 Thread 0x0000000017c56800 1304       3       org.codehaus.groovy.util.ComplexKeyHashMap$1::nextEntry (74 bytes)
Event: 7.057 Thread 0x0000000017c56800 nmethod 1304 0x00000000035f3090 code [0x00000000035f3220, 0x00000000035f35c8]

GC Heap History (6 events):
Event: 3.064 GC heap before
{Heap before GC invocations=1 (full 0):
 PSYoungGen      total 38400K, used 33280K [0x00000000d5f00000, 0x00000000d8980000, 0x0000000100000000)
  eden space 33280K, 100% used [0x00000000d5f00000,0x00000000d7f80000,0x00000000d7f80000)
  from space 5120K, 0% used [0x00000000d8480000,0x00000000d8480000,0x00000000d8980000)
  to   space 5120K, 0% used [0x00000000d7f80000,0x00000000d7f80000,0x00000000d8480000)
 ParOldGen       total 87552K, used 0K [0x0000000081c00000, 0x0000000087180000, 0x00000000d5f00000)
  object space 87552K, 0% used [0x0000000081c00000,0x0000000081c00000,0x0000000087180000)
 Metaspace       used 8556K, capacity 8728K, committed 8960K, reserved 1056768K
  class space    used 1125K, capacity 1184K, committed 1280K, reserved 1048576K
Event: 3.073 GC heap after
Heap after GC invocations=1 (full 0):
 PSYoungGen      total 38400K, used 5067K [0x00000000d5f00000, 0x00000000d8980000, 0x0000000100000000)
  eden space 33280K, 0% used [0x00000000d5f00000,0x00000000d5f00000,0x00000000d7f80000)
  from space 5120K, 98% used [0x00000000d7f80000,0x00000000d8472fe0,0x00000000d8480000)
  to   space 5120K, 0% used [0x00000000d8480000,0x00000000d8480000,0x00000000d8980000)
 ParOldGen       total 87552K, used 8K [0x0000000081c00000, 0x0000000087180000, 0x00000000d5f00000)
  object space 87552K, 0% used [0x0000000081c00000,0x0000000081c02000,0x0000000087180000)
 Metaspace       used 8556K, capacity 8728K, committed 8960K, reserved 1056768K
  class space    used 1125K, capacity 1184K, committed 1280K, reserved 1048576K
}
Event: 3.795 GC heap before
{Heap before GC invocations=2 (full 0):
 PSYoungGen      total 38400K, used 38347K [0x00000000d5f00000, 0x00000000d8980000, 0x0000000100000000)
  eden space 33280K, 100% used [0x00000000d5f00000,0x00000000d7f80000,0x00000000d7f80000)
  from space 5120K, 98% used [0x00000000d7f80000,0x00000000d8472fe0,0x00000000d8480000)
  to   space 5120K, 0% used [0x00000000d8480000,0x00000000d8480000,0x00000000d8980000)
 ParOldGen       total 87552K, used 8K [0x0000000081c00000, 0x0000000087180000, 0x00000000d5f00000)
  object space 87552K, 0% used [0x0000000081c00000,0x0000000081c02000,0x0000000087180000)
 Metaspace       used 11268K, capacity 11504K, committed 11648K, reserved 1058816K
  class space    used 1560K, capacity 1640K, committed 1664K, reserved 1048576K
Event: 3.801 GC heap after
Heap after GC invocations=2 (full 0):
 PSYoungGen      total 38400K, used 5089K [0x00000000d5f00000, 0x00000000d8980000, 0x0000000100000000)
  eden space 33280K, 0% used [0x00000000d5f00000,0x00000000d5f00000,0x00000000d7f80000)
  from space 5120K, 99% used [0x00000000d8480000,0x00000000d89785d8,0x00000000d8980000)
  to   space 5120K, 0% used [0x00000000d7f80000,0x00000000d7f80000,0x00000000d8480000)
 ParOldGen       total 87552K, used 173K [0x0000000081c00000, 0x0000000087180000, 0x00000000d5f00000)
  object space 87552K, 0% used [0x0000000081c00000,0x0000000081c2b6e8,0x0000000087180000)
 Metaspace       used 11268K, capacity 11504K, committed 11648K, reserved 1058816K
  class space    used 1560K, capacity 1640K, committed 1664K, reserved 1048576K
}
Event: 6.948 GC heap before
{Heap before GC invocations=3 (full 0):
 PSYoungGen      total 38400K, used 38369K [0x00000000d5f00000, 0x00000000d8980000, 0x0000000100000000)
  eden space 33280K, 100% used [0x00000000d5f00000,0x00000000d7f80000,0x00000000d7f80000)
  from space 5120K, 99% used [0x00000000d8480000,0x00000000d89785d8,0x00000000d8980000)
  to   space 5120K, 0% used [0x00000000d7f80000,0x00000000d7f80000,0x00000000d8480000)
 ParOldGen       total 87552K, used 173K [0x0000000081c00000, 0x0000000087180000, 0x00000000d5f00000)
  object space 87552K, 0% used [0x0000000081c00000,0x0000000081c2b6e8,0x0000000087180000)
 Metaspace       used 17347K, capacity 17602K, committed 17920K, reserved 1064960K
  class space    used 2377K, capacity 2476K, committed 2560K, reserved 1048576K
Event: 6.965 GC heap after
Heap after GC invocations=3 (full 0):
 PSYoungGen      total 38400K, used 5088K [0x00000000d5f00000, 0x00000000d8980000, 0x0000000100000000)
  eden space 33280K, 0% used [0x00000000d5f00000,0x00000000d5f00000,0x00000000d7f80000)
  from space 5120K, 99% used [0x00000000d7f80000,0x00000000d8478020,0x00000000d8480000)
  to   space 5120K, 0% used [0x00000000d8480000,0x00000000d8480000,0x00000000d8980000)
 ParOldGen       total 87552K, used 4396K [0x0000000081c00000, 0x0000000087180000, 0x00000000d5f00000)
  object space 87552K, 5% used [0x0000000081c00000,0x000000008204b2c8,0x0000000087180000)
 Metaspace       used 17347K, capacity 17602K, committed 17920K, reserved 1064960K
  class space    used 2377K, capacity 2476K, committed 2560K, reserved 1048576K
}

Deoptimization events (10 events):
Event: 4.561 Thread 0x000000000159e800 Uncommon trap: reason=unstable_if action=reinterpret pc=0x00000000033df8c8 method=java.lang.AbstractStringBuilder.append(Ljava/lang/String;)Ljava/lang/AbstractStringBuilder; @ 1
Event: 4.561 Thread 0x000000000159e800 Uncommon trap: reason=unstable_if action=reinterpret pc=0x0000000003352a00 method=java.lang.AbstractStringBuilder.append(Ljava/lang/String;)Ljava/lang/AbstractStringBuilder; @ 1
Event: 6.698 Thread 0x000000000159e800 Uncommon trap: reason=bimorphic action=maybe_recompile pc=0x0000000003478894 method=java.lang.ClassLoader.loadClass(Ljava/lang/String;Z)Ljava/lang/Class; @ 38
Event: 6.698 Thread 0x000000000159e800 Uncommon trap: reason=bimorphic action=maybe_recompile pc=0x0000000003478894 method=java.lang.ClassLoader.loadClass(Ljava/lang/String;Z)Ljava/lang/Class; @ 38
Event: 6.701 Thread 0x000000000159e800 Uncommon trap: reason=class_check action=maybe_recompile pc=0x00000000032f648c method=sun.misc.URLClassPath.getLoader(I)Lsun/misc/URLClassPath$Loader; @ 94
Event: 6.701 Thread 0x000000000159e800 Uncommon trap: reason=class_check action=maybe_recompile pc=0x0000000003570ad8 method=sun.misc.URLClassPath.getResource(Ljava/lang/String;Z)Lsun/misc/Resource; @ 62
Event: 6.706 Thread 0x000000000159e800 Uncommon trap: reason=bimorphic action=maybe_recompile pc=0x0000000003478894 method=java.lang.ClassLoader.loadClass(Ljava/lang/String;Z)Ljava/lang/Class; @ 38
Event: 6.706 Thread 0x000000000159e800 Uncommon trap: reason=bimorphic action=maybe_recompile pc=0x0000000003478894 method=java.lang.ClassLoader.loadClass(Ljava/lang/String;Z)Ljava/lang/Class; @ 38
Event: 6.755 Thread 0x000000000159e800 Uncommon trap: reason=class_check action=maybe_recompile pc=0x00000000032f6638 method=sun.misc.URLClassPath.getLoader(I)Lsun/misc/URLClassPath$Loader; @ 239
Event: 6.787 Thread 0x000000000159e800 Uncommon trap: reason=class_check action=maybe_recompile pc=0x00000000032f6638 method=sun.misc.URLClassPath.getLoader(I)Lsun/misc/URLClassPath$Loader; @ 239

Classes redefined (0 events):
No events

Internal exceptions (10 events):
Event: 7.004 Thread 0x000000000159e800 Exception <a 'java/lang/ClassNotFoundException': org/gradle/initialization/DefaultSettings_DecoratedBeanInfo> (0x00000000d614c6b0) thrown at [C:\re\workspace\8-2-build-windows-amd64-cygwin\jdk8u162\10278\hotspot\src\share\vm\classfile\systemDictionary.cpp
Event: 7.005 Thread 0x000000000159e800 Exception <a 'java/lang/ClassNotFoundException': org/gradle/initialization/DefaultSettingsBeanInfo> (0x00000000d6168e88) thrown at [C:\re\workspace\8-2-build-windows-amd64-cygwin\jdk8u162\10278\hotspot\src\share\vm\classfile\systemDictionary.cpp, line 210
Event: 7.005 Thread 0x000000000159e800 Exception <a 'java/lang/ClassNotFoundException': org/gradle/initialization/BaseSettingsBeanInfo> (0x00000000d6184768) thrown at [C:\re\workspace\8-2-build-windows-amd64-cygwin\jdk8u162\10278\hotspot\src\share\vm\classfile\systemDictionary.cpp, line 210]
Event: 7.006 Thread 0x000000000159e800 Exception <a 'java/lang/ClassNotFoundException': org/gradle/api/internal/project/AbstractPluginAwareBeanInfo> (0x00000000d61a5588) thrown at [C:\re\workspace\8-2-build-windows-amd64-cygwin\jdk8u162\10278\hotspot\src\share\vm\classfile\systemDictionary.cpp
Event: 7.007 Thread 0x000000000159e800 Exception <a 'java/lang/ClassNotFoundException': org/gradle/api/internal/project/AbstractPluginAwareCustomizer> (0x00000000d61c6ac0) thrown at [C:\re\workspace\8-2-build-windows-amd64-cygwin\jdk8u162\10278\hotspot\src\share\vm\classfile\systemDictionary.c
Event: 7.008 Thread 0x000000000159e800 Exception <a 'java/lang/ClassNotFoundException': org/gradle/initialization/BaseSettingsCustomizer> (0x00000000d61e9598) thrown at [C:\re\workspace\8-2-build-windows-amd64-cygwin\jdk8u162\10278\hotspot\src\share\vm\classfile\systemDictionary.cpp, line 210]
Event: 7.029 Thread 0x000000000159e800 Exception <a 'java/lang/ClassNotFoundException': org/gradle/initialization/DefaultSettingsCustomizer> (0x00000000d622c718) thrown at [C:\re\workspace\8-2-build-windows-amd64-cygwin\jdk8u162\10278\hotspot\src\share\vm\classfile\systemDictionary.cpp, line 2
Event: 7.031 Thread 0x000000000159e800 Exception <a 'java/lang/ClassNotFoundException': org/gradle/initialization/DefaultSettings_DecoratedCustomizer> (0x00000000d6252b28) thrown at [C:\re\workspace\8-2-build-windows-amd64-cygwin\jdk8u162\10278\hotspot\src\share\vm\classfile\systemDictionary.c
Event: 7.054 Thread 0x000000000159e800 Exception <a 'java/lang/ClassNotFoundException': org/gradle/initialization/DefaultProjectDescriptorBeanInfo> (0x00000000d62f1a88) thrown at [C:\re\workspace\8-2-build-windows-amd64-cygwin\jdk8u162\10278\hotspot\src\share\vm\classfile\systemDictionary.cpp,
Event: 7.055 Thread 0x000000000159e800 Exception <a 'java/lang/ClassNotFoundException': org/gradle/initialization/DefaultProjectDescriptorCustomizer> (0x00000000d63112d0) thrown at [C:\re\workspace\8-2-build-windows-amd64-cygwin\jdk8u162\10278\hotspot\src\share\vm\classfile\systemDictionary.cp

Events (10 events):
Event: 7.060 loading class org/codehaus/groovy/runtime/ArrayUtil
Event: 7.060 loading class org/codehaus/groovy/runtime/ArrayUtil done
Event: 7.208 loading class groovy/lang/GroovyInterceptable
Event: 7.208 loading class groovy/lang/GroovyInterceptable done
Event: 7.251 loading class groovy/lang/AdaptingMetaClass
Event: 7.251 loading class groovy/lang/AdaptingMetaClass done
Event: 7.252 loading class org/codehaus/groovy/runtime/callsite/PogoMetaClassSite
Event: 7.252 loading class org/codehaus/groovy/runtime/callsite/PogoMetaClassSite done
Event: 7.252 loading class org/codehaus/groovy/runtime/callsite/MetaClassSite
Event: 7.252 loading class org/codehaus/groovy/runtime/callsite/MetaClassSite done


Dynamic libraries:
0x00007ff61cce0000 - 0x00007ff61cd17000 	C:\Program Files\Java\jdk1.8.0_162\bin\java.exe
0x00007ffc37a30000 - 0x00007ffc37c0b000 	C:\WINDOWS\SYSTEM32\ntdll.dll
0x00007ffc36cf0000 - 0x00007ffc36d9e000 	C:\WINDOWS\System32\KERNEL32.DLL
0x00007ffc34050000 - 0x00007ffc34299000 	C:\WINDOWS\System32\KERNELBASE.dll
0x0000000057760000 - 0x00000000577ee000 	C:\WINDOWS\System32\SYSFER.DLL
0x00007ffc37980000 - 0x00007ffc37a21000 	C:\WINDOWS\System32\ADVAPI32.dll
0x00007ffc37880000 - 0x00007ffc3791d000 	C:\WINDOWS\System32\msvcrt.dll
0x00007ffc37920000 - 0x00007ffc37979000 	C:\WINDOWS\System32\sechost.dll
0x00007ffc35300000 - 0x00007ffc35425000 	C:\WINDOWS\System32\RPCRT4.dll
0x00007ffc36da0000 - 0x00007ffc36eea000 	C:\WINDOWS\System32\USER32.dll
0x00007ffc34c80000 - 0x00007ffc34c9e000 	C:\WINDOWS\System32\win32u.dll
0x00007ffc35600000 - 0x00007ffc35627000 	C:\WINDOWS\System32\GDI32.dll
0x00007ffc342a0000 - 0x00007ffc34427000 	C:\WINDOWS\System32\gdi32full.dll
0x00007ffc34be0000 - 0x00007ffc34c7a000 	C:\WINDOWS\System32\msvcp_win.dll
0x00007ffc33f50000 - 0x00007ffc34046000 	C:\WINDOWS\System32\ucrtbase.dll
0x00007ffc25170000 - 0x00007ffc253d7000 	C:\WINDOWS\WinSxS\amd64_microsoft.windows.common-controls_6595b64144ccf1df_6.0.15063.483_none_26002d27e7c744a2\COMCTL32.dll
0x00007ffc37000000 - 0x00007ffc372f9000 	C:\WINDOWS\System32\combase.dll
0x00007ffc34d00000 - 0x00007ffc34d6a000 	C:\WINDOWS\System32\bcryptPrimitives.dll
0x00007ffc35580000 - 0x00007ffc35588000 	C:\WINDOWS\System32\psapi.dll
0x00007ffc37300000 - 0x00007ffc3732d000 	C:\WINDOWS\System32\IMM32.DLL
0x0000000055350000 - 0x0000000055421000 	C:\Program Files\Java\jdk1.8.0_162\jre\bin\msvcr100.dll
0x0000000054ab0000 - 0x0000000055350000 	C:\Program Files\Java\jdk1.8.0_162\jre\bin\server\jvm.dll
0x00007ffc302c0000 - 0x00007ffc302c9000 	C:\WINDOWS\SYSTEM32\WSOCK32.dll
0x00007ffc35590000 - 0x00007ffc355fc000 	C:\WINDOWS\System32\WS2_32.dll
0x00007ffc2e480000 - 0x00007ffc2e4a3000 	C:\WINDOWS\SYSTEM32\WINMM.dll
0x00007ffc27160000 - 0x00007ffc2716a000 	C:\WINDOWS\SYSTEM32\VERSION.dll
0x00007ffc2e270000 - 0x00007ffc2e29b000 	C:\WINDOWS\SYSTEM32\WINMMBASE.dll
0x00007ffc34d70000 - 0x00007ffc34db9000 	C:\WINDOWS\System32\cfgmgr32.dll
0x0000000057210000 - 0x000000005721f000 	C:\Program Files\Java\jdk1.8.0_162\jre\bin\verify.dll
0x0000000054a80000 - 0x0000000054aa9000 	C:\Program Files\Java\jdk1.8.0_162\jre\bin\java.dll
0x00000000571f0000 - 0x0000000057206000 	C:\Program Files\Java\jdk1.8.0_162\jre\bin\zip.dll
0x00007ffc35890000 - 0x00007ffc36cc7000 	C:\WINDOWS\System32\SHELL32.dll
0x00007ffc377d0000 - 0x00007ffc3787a000 	C:\WINDOWS\System32\shcore.dll
0x00007ffc344e0000 - 0x00007ffc34bd1000 	C:\WINDOWS\System32\windows.storage.dll
0x00007ffc37330000 - 0x00007ffc37381000 	C:\WINDOWS\System32\shlwapi.dll
0x00007ffc33ec0000 - 0x00007ffc33ed1000 	C:\WINDOWS\System32\kernel.appcore.dll
0x00007ffc33f00000 - 0x00007ffc33f4c000 	C:\WINDOWS\System32\powrprof.dll
0x00007ffc33ea0000 - 0x00007ffc33eb5000 	C:\WINDOWS\System32\profapi.dll
0x0000000054a60000 - 0x0000000054a7a000 	C:\Program Files\Java\jdk1.8.0_162\jre\bin\net.dll
0x00007ffc337b0000 - 0x00007ffc3380c000 	C:\WINDOWS\system32\mswsock.dll
0x0000000054a40000 - 0x0000000054a51000 	C:\Program Files\Java\jdk1.8.0_162\jre\bin\nio.dll
0x00007ffc29120000 - 0x00007ffc29132000 	C:\Users\josabu\.gradle\native\19\windows-amd64\native-platform.dll
0x0000000180000000 - 0x0000000180037000 	C:\Users\josabu\.gradle\native\jna\win32-amd64\jnidispatch.dll
0x00007ffc33950000 - 0x00007ffc33967000 	C:\WINDOWS\SYSTEM32\CRYPTSP.dll
0x00007ffc33380000 - 0x00007ffc333b4000 	C:\WINDOWS\system32\rsaenh.dll
0x00007ffc33a60000 - 0x00007ffc33a85000 	C:\WINDOWS\SYSTEM32\bcrypt.dll
0x00007ffc33dd0000 - 0x00007ffc33df9000 	C:\WINDOWS\SYSTEM32\USERENV.dll
0x00007ffc33970000 - 0x00007ffc3397b000 	C:\WINDOWS\SYSTEM32\CRYPTBASE.dll
0x00007ffc33550000 - 0x00007ffc33587000 	C:\WINDOWS\SYSTEM32\IPHLPAPI.DLL
0x00007ffc35100000 - 0x00007ffc35108000 	C:\WINDOWS\System32\NSI.dll
0x00007ffc30410000 - 0x00007ffc30426000 	C:\WINDOWS\SYSTEM32\dhcpcsvc6.DLL
0x00007ffc303f0000 - 0x00007ffc3040a000 	C:\WINDOWS\SYSTEM32\dhcpcsvc.DLL
0x0000000054a30000 - 0x0000000054a3d000 	C:\Program Files\Java\jdk1.8.0_162\jre\bin\management.dll

VM Arguments:
jvm_args: -Dorg.gradle.appname=gradlew 
java_command: org.gradle.wrapper.GradleWrapperMain installDebug
java_class_path (initial): C:\Users\josabu\Documents\personal_projects\chatapp\android\\gradle\wrapper\gradle-wrapper.jar
Launcher Type: SUN_STANDARD

Environment Variables:
JAVA_HOME=C:\Program Files\Java\jdk1.8.0_162
CLASSPATH=C:\Users\josabu\Documents\personal_projects\chatapp\android\\gradle\wrapper\gradle-wrapper.jar
PATH=C:\Python27\;C:\Python27\Scripts;C:\ProgramData\Oracle\Java\javapath;C:\WINDOWS\system32;C:\WINDOWS;C:\WINDOWS\System32\Wbem;C:\WINDOWS\System32\WindowsPowerShell\v1.0\;C:\WINDOWS\CCM;C:\Program Files\Intel\WiFi\bin\;C:\Program Files\Common Files\Intel\WirelessCommon\;C:\Users\josabu\AppData\Roaming\nvm;C:\Program Files\nodejs;C:\Program Files\Git\cmd;C:\ProgramData\chocolatey\bin;C:\Program Files\nodejs\;C:\Program Files\Java\jdk1.8.0_162\bin;C:\Program Files (x86)\Yarn\bin;C:\Users\josabu\AppData\Local\Microsoft\WindowsApps;C:\Users\josabu\AppData\Local\atom\bin;C:\Users\josabu\AppData\Roaming\nvm;C:\Program Files\nodejs;C:\Users\josabu\AppData\Local\GitHubDesktop\bin;C:\Users\josabu\AppData\Roaming\npm;C:\Users\josabu\AppData\Local\Yarn\bin
USERNAME=josabu
OS=Windows_NT
PROCESSOR_IDENTIFIER=Intel64 Family 6 Model 78 Stepping 3, GenuineIntel



---------------  S Y S T E M  ---------------

OS: Windows 10.0 , 64 bit Build 15063 (10.0.15063.296)

CPU:total 4 (initial active 4) (2 cores per cpu, 2 threads per core) family 6 model 78 stepping 3, cmov, cx8, fxsr, mmx, sse, sse2, sse3, ssse3, sse4.1, sse4.2, popcnt, avx, avx2, aes, clmul, erms, rtm, 3dnowpref, lzcnt, ht, tsc, tscinvbit, bmi1, bmi2, adx

Memory: 4k page, physical 8268736k(79140k free), swap 33434560k(2408k free)

vm_info: Java HotSpot(TM) 64-Bit Server VM (25.162-b12) for windows-amd64 JRE (1.8.0_162-b12), built on Dec 19 2017 20:00:03 by "java_re" with MS VC++ 10.0 (VS2010)

time: Fri Feb 16 19:05:00 2018
elapsed time: 7 seconds (0d 0h 0m 7s)

