#
# There is insufficient memory for the Java Runtime Environment to continue.
# Native memory allocation (malloc) failed to allocate 32744 bytes for ChunkPool::allocate
# Possible reasons:
#   The system is out of physical RAM or swap space
#   In 32 bit mode, the process size limit was hit
# Possible solutions:
#   Reduce memory load on the system
#   Increase physical memory or swap space
#   Check if swap backing store is full
#   Use 64 bit Java on a 64 bit OS
#   Decrease Java heap size (-Xmx/-Xms)
#   Decrease number of Java threads
#   Decrease Java thread stack sizes (-Xss)
#   Set larger code cache with -XX:ReservedCodeCacheSize=
# This output file may be truncated or incomplete.
#
#  Out of Memory Error (allocation.cpp:273), pid=716, tid=0x00000000000042d8
#
# JRE version: Java(TM) SE Runtime Environment (8.0_162-b12) (build 1.8.0_162-b12)
# Java VM: Java HotSpot(TM) 64-Bit Server VM (25.162-b12 mixed mode windows-amd64 compressed oops)
# Failed to write core dump. Minidumps are not enabled by default on client versions of Windows
#

---------------  T H R E A D  ---------------

Current thread (0x0000000017493000):  JavaThread "C2 CompilerThread1" daemon [_thread_in_native, id=17112, stack(0x0000000018bd0000,0x0000000018cd0000)]

Stack: [0x0000000018bd0000,0x0000000018cd0000]
[error occurred during error reporting (printing stack bounds), id 0xc0000005]

Native frames: (J=compiled Java code, j=interpreted, Vv=VM code, C=native code)


Current CompileTask:
C2:   4000 1139   !   4       java.net.URLClassLoader$1::run (63 bytes)


---------------  P R O C E S S  ---------------

Java Threads: ( => current thread )
  0x000000001a512000 JavaThread "pool-1-thread-1" [_thread_blocked, id=28676, stack(0x000000001c5d0000,0x000000001c6d0000)]
  0x0000000018df8800 JavaThread "Service Thread" daemon [_thread_blocked, id=20508, stack(0x00000000191d0000,0x00000000192d0000)]
  0x0000000017496000 JavaThread "C1 CompilerThread2" daemon [_thread_blocked, id=25264, stack(0x0000000018cd0000,0x0000000018dd0000)]
=>0x0000000017493000 JavaThread "C2 CompilerThread1" daemon [_thread_in_native, id=17112, stack(0x0000000018bd0000,0x0000000018cd0000)]
  0x0000000017490000 JavaThread "C2 CompilerThread0" daemon [_thread_in_native, id=32492, stack(0x0000000018ad0000,0x0000000018bd0000)]
  0x000000001748e000 JavaThread "Attach Listener" daemon [_thread_blocked, id=32888, stack(0x00000000189d0000,0x0000000018ad0000)]
  0x000000001748c800 JavaThread "Signal Dispatcher" daemon [_thread_blocked, id=23560, stack(0x00000000188d0000,0x00000000189d0000)]
  0x000000000295b000 JavaThread "Finalizer" daemon [_thread_blocked, id=13908, stack(0x00000000186e0000,0x00000000187e0000)]
  0x0000000002950000 JavaThread "Reference Handler" daemon [_thread_blocked, id=192, stack(0x00000000185e0000,0x00000000186e0000)]
  0x000000000280e800 JavaThread "main" [_thread_in_native, id=28308, stack(0x0000000002670000,0x0000000002770000)]

Other Threads:
  0x0000000017458000 VMThread [stack: 0x00000000184e0000,0x00000000185e0000] [id=5764]
  0x0000000018e1d000 WatcherThread [stack: 0x00000000192d0000,0x00000000193d0000] [id=26816]

VM state:not at safepoint (normal execution)

VM Mutex/Monitor currently owned by a thread: None

Heap:
 PSYoungGen      total 38400K, used 32575K [0x00000000d5f00000, 0x00000000d8980000, 0x0000000100000000)
  eden space 33280K, 82% used [0x00000000d5f00000,0x00000000d79d75c0,0x00000000d7f80000)
  from space 5120K, 99% used [0x00000000d8480000,0x00000000d89789c0,0x00000000d8980000)
  to   space 5120K, 0% used [0x00000000d7f80000,0x00000000d7f80000,0x00000000d8480000)
 ParOldGen       total 87552K, used 238K [0x0000000081c00000, 0x0000000087180000, 0x00000000d5f00000)
  object space 87552K, 0% used [0x0000000081c00000,0x0000000081c3bbb0,0x0000000087180000)
 Metaspace       used 16613K, capacity 16876K, committed 17024K, reserved 1064960K
  class space    used 2270K, capacity 2344K, committed 2432K, reserved 1048576K

Card table byte_map: [0x0000000011d20000,0x0000000012120000] byte_map_base: 0x0000000011912000

Marking Bits: (ParMarkBitMap*) 0x00000000552d0860
 Begin Bits: [0x00000000127d0000, 0x0000000014760000)
 End Bits:   [0x0000000014760000, 0x00000000166f0000)

Polling page: 0x0000000000fd0000

CodeCache: size=245760Kb used=4194Kb max_used=4205Kb free=241565Kb
 bounds [0x0000000002960000, 0x0000000002d80000, 0x0000000011960000]
 total_blobs=1500 nmethods=1139 adapters=273
 compilation: enabled

Compilation events (10 events):
Event: 3.525 Thread 0x0000000017496000 1136       3       java.util.Calendar::internalSet (8 bytes)
Event: 3.525 Thread 0x0000000017496000 nmethod 1136 0x0000000002d7a8d0 code [0x0000000002d7aa20, 0x0000000002d7ab90]
Event: 3.526 Thread 0x0000000017496000 1138       3       java.lang.AbstractStringBuilder::append (50 bytes)
Event: 3.527 Thread 0x0000000017496000 nmethod 1138 0x0000000002d7b050 code [0x0000000002d7b220, 0x0000000002d7b978]
Event: 3.529 Thread 0x0000000017493000 nmethod 1135 0x0000000002d7ec10 code [0x0000000002d7ed60, 0x0000000002d7f0d8]
Event: 3.529 Thread 0x0000000017493000 1139   !   4       java.net.URLClassLoader$1::run (63 bytes)
Event: 3.531 Thread 0x0000000017496000 1140       3       java.nio.HeapByteBuffer::ix (7 bytes)
Event: 3.531 Thread 0x0000000017496000 nmethod 1140 0x0000000002d7e910 code [0x0000000002d7ea60, 0x0000000002d7ebb0]
Event: 3.533 Thread 0x0000000017496000 1141       3       java.lang.StringBuilder::append (8 bytes)
Event: 3.533 Thread 0x0000000017496000 nmethod 1141 0x0000000002d7e590 code [0x0000000002d7e700, 0x0000000002d7e888]

GC Heap History (4 events):
Event: 1.862 GC heap before
{Heap before GC invocations=1 (full 0):
 PSYoungGen      total 38400K, used 33280K [0x00000000d5f00000, 0x00000000d8980000, 0x0000000100000000)
  eden space 33280K, 100% used [0x00000000d5f00000,0x00000000d7f80000,0x00000000d7f80000)
  from space 5120K, 0% used [0x00000000d8480000,0x00000000d8480000,0x00000000d8980000)
  to   space 5120K, 0% used [0x00000000d7f80000,0x00000000d7f80000,0x00000000d8480000)
 ParOldGen       total 87552K, used 0K [0x0000000081c00000, 0x0000000087180000, 0x00000000d5f00000)
  object space 87552K, 0% used [0x0000000081c00000,0x0000000081c00000,0x0000000087180000)
 Metaspace       used 8543K, capacity 8724K, committed 8960K, reserved 1056768K
  class space    used 1125K, capacity 1184K, committed 1280K, reserved 1048576K
Event: 1.871 GC heap after
Heap after GC invocations=1 (full 0):
 PSYoungGen      total 38400K, used 5109K [0x00000000d5f00000, 0x00000000d8980000, 0x0000000100000000)
  eden space 33280K, 0% used [0x00000000d5f00000,0x00000000d5f00000,0x00000000d7f80000)
  from space 5120K, 99% used [0x00000000d7f80000,0x00000000d847d4b8,0x00000000d8480000)
  to   space 5120K, 0% used [0x00000000d8480000,0x00000000d8480000,0x00000000d8980000)
 ParOldGen       total 87552K, used 8K [0x0000000081c00000, 0x0000000087180000, 0x00000000d5f00000)
  object space 87552K, 0% used [0x0000000081c00000,0x0000000081c02000,0x0000000087180000)
 Metaspace       used 8543K, capacity 8724K, committed 8960K, reserved 1056768K
  class space    used 1125K, capacity 1184K, committed 1280K, reserved 1048576K
}
Event: 2.581 GC heap before
{Heap before GC invocations=2 (full 0):
 PSYoungGen      total 38400K, used 38389K [0x00000000d5f00000, 0x00000000d8980000, 0x0000000100000000)
  eden space 33280K, 100% used [0x00000000d5f00000,0x00000000d7f80000,0x00000000d7f80000)
  from space 5120K, 99% used [0x00000000d7f80000,0x00000000d847d4b8,0x00000000d8480000)
  to   space 5120K, 0% used [0x00000000d8480000,0x00000000d8480000,0x00000000d8980000)
 ParOldGen       total 87552K, used 8K [0x0000000081c00000, 0x0000000087180000, 0x00000000d5f00000)
  object space 87552K, 0% used [0x0000000081c00000,0x0000000081c02000,0x0000000087180000)
 Metaspace       used 11259K, capacity 11500K, committed 11648K, reserved 1058816K
  class space    used 1560K, capacity 1640K, committed 1664K, reserved 1048576K
Event: 2.588 GC heap after
Heap after GC invocations=2 (full 0):
 PSYoungGen      total 38400K, used 5090K [0x00000000d5f00000, 0x00000000d8980000, 0x0000000100000000)
  eden space 33280K, 0% used [0x00000000d5f00000,0x00000000d5f00000,0x00000000d7f80000)
  from space 5120K, 99% used [0x00000000d8480000,0x00000000d89789c0,0x00000000d8980000)
  to   space 5120K, 0% used [0x00000000d7f80000,0x00000000d7f80000,0x00000000d8480000)
 ParOldGen       total 87552K, used 238K [0x0000000081c00000, 0x0000000087180000, 0x00000000d5f00000)
  object space 87552K, 0% used [0x0000000081c00000,0x0000000081c3bbb0,0x0000000087180000)
 Metaspace       used 11259K, capacity 11500K, committed 11648K, reserved 1058816K
  class space    used 1560K, capacity 1640K, committed 1664K, reserved 1048576K
}

Deoptimization events (10 events):
Event: 2.476 Thread 0x000000000280e800 Uncommon trap: reason=bimorphic action=maybe_recompile pc=0x0000000002c2f4a8 method=java.util.HashMap.putVal(ILjava/lang/Object;Ljava/lang/Object;ZZ)Ljava/lang/Object; @ 203
Event: 2.476 Thread 0x000000000280e800 Uncommon trap: reason=bimorphic action=maybe_recompile pc=0x0000000002c2f4a8 method=java.util.HashMap.putVal(ILjava/lang/Object;Ljava/lang/Object;ZZ)Ljava/lang/Object; @ 203
Event: 2.557 Thread 0x000000000280e800 Uncommon trap: reason=unstable_if action=reinterpret pc=0x0000000002ad7f48 method=java.net.URI.match(CJJ)Z @ 19
Event: 3.007 Thread 0x000000000280e800 Uncommon trap: reason=bimorphic action=maybe_recompile pc=0x0000000002bee084 method=java.util.HashMap.putVal(ILjava/lang/Object;Ljava/lang/Object;ZZ)Ljava/lang/Object; @ 203
Event: 3.397 Thread 0x000000000280e800 Uncommon trap: reason=class_check action=maybe_recompile pc=0x0000000002d539f4 method=org.gradle.internal.service.DefaultServiceRegistry$SingletonService.getService(Lorg/gradle/internal/service/DefaultServiceRegistry$LookupContext;Lorg/gradle/internal/ser
Event: 3.397 Thread 0x000000000280e800 Uncommon trap: reason=class_check action=maybe_recompile pc=0x0000000002d539f4 method=org.gradle.internal.service.DefaultServiceRegistry$SingletonService.getService(Lorg/gradle/internal/service/DefaultServiceRegistry$LookupContext;Lorg/gradle/internal/ser
Event: 3.397 Thread 0x000000000280e800 Uncommon trap: reason=class_check action=maybe_recompile pc=0x0000000002d539f4 method=org.gradle.internal.service.DefaultServiceRegistry$SingletonService.getService(Lorg/gradle/internal/service/DefaultServiceRegistry$LookupContext;Lorg/gradle/internal/ser
Event: 3.397 Thread 0x000000000280e800 Uncommon trap: reason=class_check action=maybe_recompile pc=0x0000000002d539f4 method=org.gradle.internal.service.DefaultServiceRegistry$SingletonService.getService(Lorg/gradle/internal/service/DefaultServiceRegistry$LookupContext;Lorg/gradle/internal/ser
Event: 3.523 Thread 0x000000000280e800 Uncommon trap: reason=unstable_if action=reinterpret pc=0x0000000002c12d48 method=java.lang.AbstractStringBuilder.append(Ljava/lang/String;)Ljava/lang/AbstractStringBuilder; @ 1
Event: 3.523 Thread 0x000000000280e800 Uncommon trap: reason=unstable_if action=reinterpret pc=0x0000000002b8e740 method=java.lang.AbstractStringBuilder.append(Ljava/lang/String;)Ljava/lang/AbstractStringBuilder; @ 1

Classes redefined (0 events):
No events

Internal exceptions (10 events):
Event: 2.995 Thread 0x000000000280e800 Exception <a 'java/lang/ClassNotFoundException': java/lang/ObjectBeanInfo> (0x00000000d697c1c8) thrown at [C:\re\workspace\8-2-build-windows-amd64-cygwin\jdk8u162\10278\hotspot\src\share\vm\classfile\systemDictionary.cpp, line 210]
Event: 2.996 Thread 0x000000000280e800 Exception <a 'java/lang/ClassNotFoundException': java/lang/ObjectCustomizer> (0x00000000d6981408) thrown at [C:\re\workspace\8-2-build-windows-amd64-cygwin\jdk8u162\10278\hotspot\src\share\vm\classfile\systemDictionary.cpp, line 210]
Event: 3.002 Thread 0x000000000280e800 Exception <a 'java/lang/ClassNotFoundException': groovy/lang/MetaClassImplCustomizer> (0x00000000d6994198) thrown at [C:\re\workspace\8-2-build-windows-amd64-cygwin\jdk8u162\10278\hotspot\src\share\vm\classfile\systemDictionary.cpp, line 210]
Event: 3.006 Thread 0x000000000280e800 Exception <a 'java/lang/ClassNotFoundException': groovy/lang/ExpandoMetaClassCustomizer> (0x00000000d69c7eb8) thrown at [C:\re\workspace\8-2-build-windows-amd64-cygwin\jdk8u162\10278\hotspot\src\share\vm\classfile\systemDictionary.cpp, line 210]
Event: 3.018 Thread 0x000000000280e800 Exception <a 'java/lang/ClassNotFoundException': org/gradle/api/internal/plugins/DefaultExtraPropertiesExtensionBeanInfo> (0x00000000d6a49d30) thrown at [C:\re\workspace\8-2-build-windows-amd64-cygwin\jdk8u162\10278\hotspot\src\share\vm\classfile\systemDi
Event: 3.018 Thread 0x000000000280e800 Exception <a 'java/lang/ClassNotFoundException': groovy/lang/GroovyObjectSupportBeanInfo> (0x00000000d6a55ef8) thrown at [C:\re\workspace\8-2-build-windows-amd64-cygwin\jdk8u162\10278\hotspot\src\share\vm\classfile\systemDictionary.cpp, line 210]
Event: 3.019 Thread 0x000000000280e800 Exception <a 'java/lang/ClassNotFoundException': groovy/lang/GroovyObjectSupportCustomizer> (0x00000000d6a62458) thrown at [C:\re\workspace\8-2-build-windows-amd64-cygwin\jdk8u162\10278\hotspot\src\share\vm\classfile\systemDictionary.cpp, line 210]
Event: 3.019 Thread 0x000000000280e800 Exception <a 'java/lang/ClassNotFoundException': org/gradle/api/internal/plugins/DefaultExtraPropertiesExtensionCustomizer> (0x00000000d6a78e08) thrown at [C:\re\workspace\8-2-build-windows-amd64-cygwin\jdk8u162\10278\hotspot\src\share\vm\classfile\system
Event: 3.523 Thread 0x000000000280e800 Implicit null exception at 0x0000000002c12996 to 0x0000000002c12d31
Event: 3.523 Thread 0x000000000280e800 Implicit null exception at 0x0000000002b8e396 to 0x0000000002b8e729

Events (10 events):
Event: 3.763 loading class org/fusesource/jansi/internal/Kernel32$COORD$ByReference
Event: 3.763 loading class org/fusesource/jansi/internal/Kernel32$COORD$ByReference done
Event: 3.763 loading class com/sun/jna/Structure$FFIType
Event: 3.763 loading class com/sun/jna/Structure$FFIType done
Event: 3.765 loading class com/sun/jna/Structure$FFIType$size_t
Event: 3.765 loading class com/sun/jna/Structure$FFIType$size_t done
Event: 3.772 loading class com/sun/jna/Union
Event: 3.772 loading class com/sun/jna/Union done
Event: 3.946 loading class java/net/NetworkInterface$1checkedAddresses
Event: 3.946 loading class java/net/NetworkInterface$1checkedAddresses done


Dynamic libraries:
0x00007ff7146c0000 - 0x00007ff7146f7000 	C:\Program Files\Java\jdk1.8.0_162\bin\java.exe
0x00007ffc37a30000 - 0x00007ffc37c0b000 	C:\WINDOWS\SYSTEM32\ntdll.dll
0x00007ffc36cf0000 - 0x00007ffc36d9e000 	C:\WINDOWS\System32\KERNEL32.DLL
0x00007ffc34050000 - 0x00007ffc34299000 	C:\WINDOWS\System32\KERNELBASE.dll
0x0000000057760000 - 0x00000000577ee000 	C:\WINDOWS\System32\SYSFER.DLL
0x00007ffc37980000 - 0x00007ffc37a21000 	C:\WINDOWS\System32\ADVAPI32.dll
0x00007ffc37880000 - 0x00007ffc3791d000 	C:\WINDOWS\System32\msvcrt.dll
0x00007ffc37920000 - 0x00007ffc37979000 	C:\WINDOWS\System32\sechost.dll
0x00007ffc35300000 - 0x00007ffc35425000 	C:\WINDOWS\System32\RPCRT4.dll
0x00007ffc36da0000 - 0x00007ffc36eea000 	C:\WINDOWS\System32\USER32.dll
0x00007ffc34c80000 - 0x00007ffc34c9e000 	C:\WINDOWS\System32\win32u.dll
0x00007ffc35600000 - 0x00007ffc35627000 	C:\WINDOWS\System32\GDI32.dll
0x00007ffc342a0000 - 0x00007ffc34427000 	C:\WINDOWS\System32\gdi32full.dll
0x00007ffc34be0000 - 0x00007ffc34c7a000 	C:\WINDOWS\System32\msvcp_win.dll
0x00007ffc33f50000 - 0x00007ffc34046000 	C:\WINDOWS\System32\ucrtbase.dll
0x00007ffc25170000 - 0x00007ffc253d7000 	C:\WINDOWS\WinSxS\amd64_microsoft.windows.common-controls_6595b64144ccf1df_6.0.15063.483_none_26002d27e7c744a2\COMCTL32.dll
0x00007ffc37000000 - 0x00007ffc372f9000 	C:\WINDOWS\System32\combase.dll
0x00007ffc34d00000 - 0x00007ffc34d6a000 	C:\WINDOWS\System32\bcryptPrimitives.dll
0x00007ffc35580000 - 0x00007ffc35588000 	C:\WINDOWS\System32\psapi.dll
0x00007ffc37300000 - 0x00007ffc3732d000 	C:\WINDOWS\System32\IMM32.DLL
0x0000000055350000 - 0x0000000055421000 	C:\Program Files\Java\jdk1.8.0_162\jre\bin\msvcr100.dll
0x0000000054ab0000 - 0x0000000055350000 	C:\Program Files\Java\jdk1.8.0_162\jre\bin\server\jvm.dll
0x00007ffc302c0000 - 0x00007ffc302c9000 	C:\WINDOWS\SYSTEM32\WSOCK32.dll
0x00007ffc35590000 - 0x00007ffc355fc000 	C:\WINDOWS\System32\WS2_32.dll
0x00007ffc2e480000 - 0x00007ffc2e4a3000 	C:\WINDOWS\SYSTEM32\WINMM.dll
0x00007ffc27160000 - 0x00007ffc2716a000 	C:\WINDOWS\SYSTEM32\VERSION.dll
0x00007ffc2e270000 - 0x00007ffc2e29b000 	C:\WINDOWS\SYSTEM32\WINMMBASE.dll
0x00007ffc34d70000 - 0x00007ffc34db9000 	C:\WINDOWS\System32\cfgmgr32.dll
0x0000000057210000 - 0x000000005721f000 	C:\Program Files\Java\jdk1.8.0_162\jre\bin\verify.dll
0x0000000054a80000 - 0x0000000054aa9000 	C:\Program Files\Java\jdk1.8.0_162\jre\bin\java.dll
0x00000000571f0000 - 0x0000000057206000 	C:\Program Files\Java\jdk1.8.0_162\jre\bin\zip.dll
0x00007ffc35890000 - 0x00007ffc36cc7000 	C:\WINDOWS\System32\SHELL32.dll
0x00007ffc377d0000 - 0x00007ffc3787a000 	C:\WINDOWS\System32\shcore.dll
0x00007ffc344e0000 - 0x00007ffc34bd1000 	C:\WINDOWS\System32\windows.storage.dll
0x00007ffc37330000 - 0x00007ffc37381000 	C:\WINDOWS\System32\shlwapi.dll
0x00007ffc33ec0000 - 0x00007ffc33ed1000 	C:\WINDOWS\System32\kernel.appcore.dll
0x00007ffc33f00000 - 0x00007ffc33f4c000 	C:\WINDOWS\System32\powrprof.dll
0x00007ffc33ea0000 - 0x00007ffc33eb5000 	C:\WINDOWS\System32\profapi.dll
0x0000000054a60000 - 0x0000000054a7a000 	C:\Program Files\Java\jdk1.8.0_162\jre\bin\net.dll
0x00007ffc337b0000 - 0x00007ffc3380c000 	C:\WINDOWS\system32\mswsock.dll
0x0000000054a40000 - 0x0000000054a51000 	C:\Program Files\Java\jdk1.8.0_162\jre\bin\nio.dll
0x00007ffc29120000 - 0x00007ffc29132000 	C:\Users\josabu\.gradle\native\19\windows-amd64\native-platform.dll
0x0000000180000000 - 0x0000000180037000 	C:\Users\josabu\.gradle\native\jna\win32-amd64\jnidispatch.dll
0x00007ffc33950000 - 0x00007ffc33967000 	C:\WINDOWS\SYSTEM32\CRYPTSP.dll
0x00007ffc33380000 - 0x00007ffc333b4000 	C:\WINDOWS\system32\rsaenh.dll
0x00007ffc33a60000 - 0x00007ffc33a85000 	C:\WINDOWS\SYSTEM32\bcrypt.dll
0x00007ffc33dd0000 - 0x00007ffc33df9000 	C:\WINDOWS\SYSTEM32\USERENV.dll
0x00007ffc33970000 - 0x00007ffc3397b000 	C:\WINDOWS\SYSTEM32\CRYPTBASE.dll
0x00007ffc33550000 - 0x00007ffc33587000 	C:\WINDOWS\SYSTEM32\IPHLPAPI.DLL
0x00007ffc35100000 - 0x00007ffc35108000 	C:\WINDOWS\System32\NSI.dll
0x00007ffc30410000 - 0x00007ffc30426000 	C:\WINDOWS\SYSTEM32\dhcpcsvc6.DLL
0x00007ffc303f0000 - 0x00007ffc3040a000 	C:\WINDOWS\SYSTEM32\dhcpcsvc.DLL
0x0000000054a30000 - 0x0000000054a3d000 	C:\Program Files\Java\jdk1.8.0_162\jre\bin\management.dll

VM Arguments:
jvm_args: -Dorg.gradle.appname=gradlew 
java_command: org.gradle.wrapper.GradleWrapperMain installDebug
java_class_path (initial): C:\Users\josabu\Documents\personal_projects\chatapp\android\\gradle\wrapper\gradle-wrapper.jar
Launcher Type: SUN_STANDARD

Environment Variables:
JAVA_HOME=C:\Program Files\Java\jdk1.8.0_162
CLASSPATH=C:\Users\josabu\Documents\personal_projects\chatapp\android\\gradle\wrapper\gradle-wrapper.jar
PATH=C:\Python27\;C:\Python27\Scripts;C:\ProgramData\Oracle\Java\javapath;C:\WINDOWS\system32;C:\WINDOWS;C:\WINDOWS\System32\Wbem;C:\WINDOWS\System32\WindowsPowerShell\v1.0\;C:\WINDOWS\CCM;C:\Program Files\Intel\WiFi\bin\;C:\Program Files\Common Files\Intel\WirelessCommon\;C:\Users\josabu\AppData\Roaming\nvm;C:\Program Files\nodejs;C:\Program Files\Git\cmd;C:\ProgramData\chocolatey\bin;C:\Program Files\nodejs\;C:\Program Files\Java\jdk1.8.0_162\bin;C:\Program Files (x86)\Yarn\bin;C:\Users\josabu\AppData\Local\Microsoft\WindowsApps;C:\Users\josabu\AppData\Local\atom\bin;C:\Users\josabu\AppData\Roaming\nvm;C:\Program Files\nodejs;C:\Users\josabu\AppData\Local\GitHubDesktop\bin;C:\Users\josabu\AppData\Roaming\npm;C:\Users\josabu\AppData\Local\Yarn\bin
USERNAME=josabu
OS=Windows_NT
PROCESSOR_IDENTIFIER=Intel64 Family 6 Model 78 Stepping 3, GenuineIntel



---------------  S Y S T E M  ---------------

OS: Windows 10.0 , 64 bit Build 15063 (10.0.15063.296)

CPU:total 4 (initial active 4) (2 cores per cpu, 2 threads per core) family 6 model 78 stepping 3, cmov, cx8, fxsr, mmx, sse, sse2, sse3, ssse3, sse4.1, sse4.2, popcnt, avx, avx2, aes, clmul, erms, rtm, 3dnowpref, lzcnt, ht, tsc, tscinvbit, bmi1, bmi2, adx

Memory: 4k page, physical 8268736k(463084k free), swap 33434560k(2552k free)

vm_info: Java HotSpot(TM) 64-Bit Server VM (25.162-b12) for windows-amd64 JRE (1.8.0_162-b12), built on Dec 19 2017 20:00:03 by "java_re" with MS VC++ 10.0 (VS2010)

time: Fri Feb 16 19:16:27 2018
elapsed time: 4 seconds (0d 0h 0m 4s)

