#
# There is insufficient memory for the Java Runtime Environment to continue.
# Native memory allocation (malloc) failed to allocate 32744 bytes for ChunkPool::allocate
# Possible reasons:
#   The system is out of physical RAM or swap space
#   In 32 bit mode, the process size limit was hit
# Possible solutions:
#   Reduce memory load on the system
#   Increase physical memory or swap space
#   Check if swap backing store is full
#   Use 64 bit Java on a 64 bit OS
#   Decrease Java heap size (-Xmx/-Xms)
#   Decrease number of Java threads
#   Decrease Java thread stack sizes (-Xss)
#   Set larger code cache with -XX:ReservedCodeCacheSize=
# This output file may be truncated or incomplete.
#
#  Out of Memory Error (allocation.cpp:273), pid=3928, tid=0x0000000000001554
#
# JRE version: Java(TM) SE Runtime Environment (8.0_162-b12) (build 1.8.0_162-b12)
# Java VM: Java HotSpot(TM) 64-Bit Server VM (25.162-b12 mixed mode windows-amd64 compressed oops)
# Failed to write core dump. Minidumps are not enabled by default on client versions of Windows
#

---------------  T H R E A D  ---------------

Current thread (0x0000000017afb000):  JavaThread "C1 CompilerThread2" daemon [_thread_in_native, id=5460, stack(0x0000000019330000,0x0000000019430000)]

Stack: [0x0000000019330000,0x0000000019430000]
[error occurred during error reporting (printing stack bounds), id 0xc0000005]

Native frames: (J=compiled Java code, j=interpreted, Vv=VM code, C=native code)


Current CompileTask:
C1:    981  172       3       sun.nio.cs.UTF_8$Decoder::decode (779 bytes)


---------------  P R O C E S S  ---------------

Java Threads: ( => current thread )
  0x0000000019440800 JavaThread "Service Thread" daemon [_thread_blocked, id=11512, stack(0x0000000019830000,0x0000000019930000)]
=>0x0000000017afb000 JavaThread "C1 CompilerThread2" daemon [_thread_in_native, id=5460, stack(0x0000000019330000,0x0000000019430000)]
  0x0000000017af8000 JavaThread "C2 CompilerThread1" daemon [_thread_in_native, id=35468, stack(0x0000000019230000,0x0000000019330000)]
  0x0000000017af3800 JavaThread "C2 CompilerThread0" daemon [_thread_in_native, id=14092, stack(0x0000000019130000,0x0000000019230000)]
  0x0000000017aee000 JavaThread "Attach Listener" daemon [_thread_blocked, id=14784, stack(0x0000000019030000,0x0000000019130000)]
  0x0000000017aec800 JavaThread "Signal Dispatcher" daemon [_thread_blocked, id=24076, stack(0x0000000018f30000,0x0000000019030000)]
  0x0000000002fbd800 JavaThread "Finalizer" daemon [_thread_blocked, id=17524, stack(0x0000000018d40000,0x0000000018e40000)]
  0x0000000002fb2000 JavaThread "Reference Handler" daemon [_thread_blocked, id=17312, stack(0x0000000018c40000,0x0000000018d40000)]
  0x0000000002ebe800 JavaThread "main" [_thread_in_vm, id=27892, stack(0x0000000002d10000,0x0000000002e10000)]

Other Threads:
  0x0000000017ab7000 VMThread [stack: 0x0000000018b40000,0x0000000018c40000] [id=36160]
  0x0000000017b4e800 WatcherThread [stack: 0x0000000019930000,0x0000000019a30000] [id=8340]

VM state:not at safepoint (normal execution)

VM Mutex/Monitor currently owned by a thread: None

Heap:
 PSYoungGen      total 38400K, used 5351K [0x00000000d5f00000, 0x00000000d8980000, 0x0000000100000000)
  eden space 33280K, 16% used [0x00000000d5f00000,0x00000000d6439d68,0x00000000d7f80000)
  from space 5120K, 0% used [0x00000000d8480000,0x00000000d8480000,0x00000000d8980000)
  to   space 5120K, 0% used [0x00000000d7f80000,0x00000000d7f80000,0x00000000d8480000)
 ParOldGen       total 87552K, used 0K [0x0000000081c00000, 0x0000000087180000, 0x00000000d5f00000)
  object space 87552K, 0% used [0x0000000081c00000,0x0000000081c00000,0x0000000087180000)
 Metaspace       used 4257K, capacity 4926K, committed 5248K, reserved 1056768K
  class space    used 494K, capacity 538K, committed 640K, reserved 1048576K

Card table byte_map: [0x0000000012380000,0x0000000012780000] byte_map_base: 0x0000000011f72000

Marking Bits: (ParMarkBitMap*) 0x00000000552d0860
 Begin Bits: [0x0000000012e30000, 0x0000000014dc0000)
 End Bits:   [0x0000000014dc0000, 0x0000000016d50000)

Polling page: 0x0000000001270000

CodeCache: size=245760Kb used=1418Kb max_used=1429Kb free=244341Kb
 bounds [0x0000000002fc0000, 0x0000000003230000, 0x0000000011fc0000]
 total_blobs=453 nmethods=178 adapters=188
 compilation: enabled

Compilation events (10 events):
Event: 0.832 Thread 0x0000000017afb000 nmethod 166 0x000000000311fd90 code [0x000000000311ff00, 0x0000000003120148]
Event: 0.832 Thread 0x0000000017afb000  167       3       java.io.File::<init> (80 bytes)
Event: 0.832 Thread 0x0000000017afb000 nmethod 167 0x0000000003120210 code [0x0000000003120380, 0x0000000003120608]
Event: 0.837 Thread 0x0000000017afb000  168       3       java.util.regex.Pattern::peek (26 bytes)
Event: 0.837 Thread 0x0000000017afb000 nmethod 168 0x0000000003120710 code [0x0000000003120880, 0x0000000003120b28]
Event: 0.837 Thread 0x0000000017afb000  169       3       java.util.zip.ZipFile::access$400 (5 bytes)
Event: 0.837 Thread 0x0000000017afb000 nmethod 169 0x0000000003120c50 code [0x0000000003120da0, 0x0000000003120ed0]
Event: 0.837 Thread 0x0000000017afb000  170       3       java.util.regex.Pattern::append (39 bytes)
Event: 0.837 Thread 0x0000000017afb000 nmethod 170 0x0000000003120f90 code [0x0000000003121100, 0x0000000003121448]
Event: 0.841 Thread 0x0000000017afb000  172       3       sun.nio.cs.UTF_8$Decoder::decode (779 bytes)

GC Heap History (0 events):
No events

Deoptimization events (0 events):
No events

Classes redefined (0 events):
No events

Internal exceptions (6 events):
Event: 0.138 Thread 0x0000000002ebe800 Exception <a 'java/lang/NoSuchMethodError': Method sun.misc.Unsafe.defineClass(Ljava/lang/String;[BII)Ljava/lang/Class; name or signature does not match> (0x00000000d5f07ca0) thrown at [C:\re\workspace\8-2-build-windows-amd64-cygwin\jdk8u162\10278\hotspot
Event: 0.138 Thread 0x0000000002ebe800 Exception <a 'java/lang/NoSuchMethodError': Method sun.misc.Unsafe.prefetchRead(Ljava/lang/Object;J)V name or signature does not match> (0x00000000d5f07f88) thrown at [C:\re\workspace\8-2-build-windows-amd64-cygwin\jdk8u162\10278\hotspot\src\share\vm\prim
Event: 0.701 Thread 0x0000000002ebe800 Exception <a 'java/security/PrivilegedActionException'> (0x00000000d60d52c0) thrown at [C:\re\workspace\8-2-build-windows-amd64-cygwin\jdk8u162\10278\hotspot\src\share\vm\prims\jvm.cpp, line 1390]
Event: 0.701 Thread 0x0000000002ebe800 Exception <a 'java/security/PrivilegedActionException'> (0x00000000d60d54d0) thrown at [C:\re\workspace\8-2-build-windows-amd64-cygwin\jdk8u162\10278\hotspot\src\share\vm\prims\jvm.cpp, line 1390]
Event: 0.702 Thread 0x0000000002ebe800 Exception <a 'java/security/PrivilegedActionException'> (0x00000000d60d93e0) thrown at [C:\re\workspace\8-2-build-windows-amd64-cygwin\jdk8u162\10278\hotspot\src\share\vm\prims\jvm.cpp, line 1390]
Event: 0.702 Thread 0x0000000002ebe800 Exception <a 'java/security/PrivilegedActionException'> (0x00000000d60d95f0) thrown at [C:\re\workspace\8-2-build-windows-amd64-cygwin\jdk8u162\10278\hotspot\src\share\vm\prims\jvm.cpp, line 1390]

Events (10 events):
Event: 0.833 loading class java/util/Collections$EmptyIterator
Event: 0.833 loading class java/util/Collections$EmptyIterator done
Event: 0.835 loading class org/gradle/util/GUtil
Event: 0.835 loading class org/gradle/util/GUtil done
Event: 0.836 loading class org/gradle/internal/io/TextStream
Event: 0.836 loading class org/gradle/internal/io/TextStream done
Event: 0.836 loading class org/gradle/internal/io/LineBufferingOutputStream
Event: 0.836 loading class org/gradle/internal/io/LineBufferingOutputStream done
Event: 0.836 loading class java/util/regex/Pattern$CharProperty$1
Event: 0.836 loading class java/util/regex/Pattern$CharProperty$1 done


Dynamic libraries:
0x00007ff7586c0000 - 0x00007ff7586f7000 	C:\Program Files\Java\jdk1.8.0_162\bin\java.exe
0x00007ffc37a30000 - 0x00007ffc37c0b000 	C:\WINDOWS\SYSTEM32\ntdll.dll
0x00007ffc36cf0000 - 0x00007ffc36d9e000 	C:\WINDOWS\System32\KERNEL32.DLL
0x00007ffc34050000 - 0x00007ffc34299000 	C:\WINDOWS\System32\KERNELBASE.dll
0x0000000057760000 - 0x00000000577ee000 	C:\WINDOWS\System32\SYSFER.DLL
0x00007ffc37980000 - 0x00007ffc37a21000 	C:\WINDOWS\System32\ADVAPI32.dll
0x00007ffc37880000 - 0x00007ffc3791d000 	C:\WINDOWS\System32\msvcrt.dll
0x00007ffc37920000 - 0x00007ffc37979000 	C:\WINDOWS\System32\sechost.dll
0x00007ffc35300000 - 0x00007ffc35425000 	C:\WINDOWS\System32\RPCRT4.dll
0x00007ffc36da0000 - 0x00007ffc36eea000 	C:\WINDOWS\System32\USER32.dll
0x00007ffc34c80000 - 0x00007ffc34c9e000 	C:\WINDOWS\System32\win32u.dll
0x00007ffc35600000 - 0x00007ffc35627000 	C:\WINDOWS\System32\GDI32.dll
0x00007ffc342a0000 - 0x00007ffc34427000 	C:\WINDOWS\System32\gdi32full.dll
0x00007ffc34be0000 - 0x00007ffc34c7a000 	C:\WINDOWS\System32\msvcp_win.dll
0x00007ffc33f50000 - 0x00007ffc34046000 	C:\WINDOWS\System32\ucrtbase.dll
0x00007ffc25170000 - 0x00007ffc253d7000 	C:\WINDOWS\WinSxS\amd64_microsoft.windows.common-controls_6595b64144ccf1df_6.0.15063.483_none_26002d27e7c744a2\COMCTL32.dll
0x00007ffc37000000 - 0x00007ffc372f9000 	C:\WINDOWS\System32\combase.dll
0x00007ffc34d00000 - 0x00007ffc34d6a000 	C:\WINDOWS\System32\bcryptPrimitives.dll
0x00007ffc35580000 - 0x00007ffc35588000 	C:\WINDOWS\System32\psapi.dll
0x00007ffc37300000 - 0x00007ffc3732d000 	C:\WINDOWS\System32\IMM32.DLL
0x0000000055350000 - 0x0000000055421000 	C:\Program Files\Java\jdk1.8.0_162\jre\bin\msvcr100.dll
0x0000000054ab0000 - 0x0000000055350000 	C:\Program Files\Java\jdk1.8.0_162\jre\bin\server\jvm.dll
0x00007ffc302c0000 - 0x00007ffc302c9000 	C:\WINDOWS\SYSTEM32\WSOCK32.dll
0x00007ffc35590000 - 0x00007ffc355fc000 	C:\WINDOWS\System32\WS2_32.dll
0x00007ffc2e480000 - 0x00007ffc2e4a3000 	C:\WINDOWS\SYSTEM32\WINMM.dll
0x00007ffc27160000 - 0x00007ffc2716a000 	C:\WINDOWS\SYSTEM32\VERSION.dll
0x00007ffc2e270000 - 0x00007ffc2e29b000 	C:\WINDOWS\SYSTEM32\WINMMBASE.dll
0x00007ffc34d70000 - 0x00007ffc34db9000 	C:\WINDOWS\System32\cfgmgr32.dll
0x0000000057210000 - 0x000000005721f000 	C:\Program Files\Java\jdk1.8.0_162\jre\bin\verify.dll
0x0000000054a80000 - 0x0000000054aa9000 	C:\Program Files\Java\jdk1.8.0_162\jre\bin\java.dll
0x00000000571f0000 - 0x0000000057206000 	C:\Program Files\Java\jdk1.8.0_162\jre\bin\zip.dll
0x00007ffc35890000 - 0x00007ffc36cc7000 	C:\WINDOWS\System32\SHELL32.dll
0x00007ffc377d0000 - 0x00007ffc3787a000 	C:\WINDOWS\System32\shcore.dll
0x00007ffc344e0000 - 0x00007ffc34bd1000 	C:\WINDOWS\System32\windows.storage.dll
0x00007ffc37330000 - 0x00007ffc37381000 	C:\WINDOWS\System32\shlwapi.dll
0x00007ffc33ec0000 - 0x00007ffc33ed1000 	C:\WINDOWS\System32\kernel.appcore.dll
0x00007ffc33f00000 - 0x00007ffc33f4c000 	C:\WINDOWS\System32\powrprof.dll
0x00007ffc33ea0000 - 0x00007ffc33eb5000 	C:\WINDOWS\System32\profapi.dll
0x0000000054a60000 - 0x0000000054a7a000 	C:\Program Files\Java\jdk1.8.0_162\jre\bin\net.dll
0x00007ffc337b0000 - 0x00007ffc3380c000 	C:\WINDOWS\system32\mswsock.dll
0x0000000054a40000 - 0x0000000054a51000 	C:\Program Files\Java\jdk1.8.0_162\jre\bin\nio.dll

VM Arguments:
jvm_args: -Dorg.gradle.appname=gradlew 
java_command: org.gradle.wrapper.GradleWrapperMain installDebug
java_class_path (initial): C:\Users\josabu\Documents\personal_projects\chatapp\android\\gradle\wrapper\gradle-wrapper.jar
Launcher Type: SUN_STANDARD

Environment Variables:
JAVA_HOME=C:\Program Files\Java\jdk1.8.0_162
CLASSPATH=C:\Users\josabu\Documents\personal_projects\chatapp\android\\gradle\wrapper\gradle-wrapper.jar
PATH=C:\Python27\;C:\Python27\Scripts;C:\ProgramData\Oracle\Java\javapath;C:\WINDOWS\system32;C:\WINDOWS;C:\WINDOWS\System32\Wbem;C:\WINDOWS\System32\WindowsPowerShell\v1.0\;C:\WINDOWS\CCM;C:\Program Files\Intel\WiFi\bin\;C:\Program Files\Common Files\Intel\WirelessCommon\;C:\Users\josabu\AppData\Roaming\nvm;C:\Program Files\nodejs;C:\Program Files\Git\cmd;C:\ProgramData\chocolatey\bin;C:\Program Files\nodejs\;C:\Program Files\Java\jdk1.8.0_162\bin;C:\Program Files (x86)\Yarn\bin;C:\Users\josabu\AppData\Local\Microsoft\WindowsApps;C:\Users\josabu\AppData\Local\atom\bin;C:\Users\josabu\AppData\Roaming\nvm;C:\Program Files\nodejs;C:\Users\josabu\AppData\Local\GitHubDesktop\bin;C:\Users\josabu\AppData\Roaming\npm;C:\Users\josabu\AppData\Local\Yarn\bin
USERNAME=josabu
OS=Windows_NT
PROCESSOR_IDENTIFIER=Intel64 Family 6 Model 78 Stepping 3, GenuineIntel



---------------  S Y S T E M  ---------------

OS: Windows 10.0 , 64 bit Build 15063 (10.0.15063.296)

CPU:total 4 (initial active 4) (2 cores per cpu, 2 threads per core) family 6 model 78 stepping 3, cmov, cx8, fxsr, mmx, sse, sse2, sse3, ssse3, sse4.1, sse4.2, popcnt, avx, avx2, aes, clmul, erms, rtm, 3dnowpref, lzcnt, ht, tsc, tscinvbit, bmi1, bmi2, adx

Memory: 4k page, physical 8268736k(561848k free), swap 33434560k(1584k free)

vm_info: Java HotSpot(TM) 64-Bit Server VM (25.162-b12) for windows-amd64 JRE (1.8.0_162-b12), built on Dec 19 2017 20:00:03 by "java_re" with MS VC++ 10.0 (VS2010)

time: Fri Feb 16 19:26:08 2018
elapsed time: 0 seconds (0d 0h 0m 0s)

